<?xml version="1.0" encoding="UTF-8"?>
<!-- Generated by org.testng.reporters.JUnitXMLReporter -->
<testsuite hostname="VaishaliRajput" ignored="0" name="Default test" tests="7" failures="0" timestamp="30 Mar 2017 18:28:46 GMT" time="46.339" errors="0">
  <testcase name="navigateOnAddMedicationAndFrequency" time="22.741" classname="testClasses.MedicationTest"/>
  <testcase name="clickActionOnSearchMedication" time="2.286" classname="testClasses.MedicationTest"/>
  <testcase name="verifyElementOnEnterMedicineNameScreen" time="0.627" classname="testClasses.MedicationTest"/>
  <testcase name="enterLessCharInEnterMedicine" time="5.409" classname="testClasses.MedicationTest"/>
  <testcase name="crossClickActionOnSearchMedicine" time="0.877" classname="testClasses.MedicationTest"/>
  <testcase name="backArrowClickOnSearchMedicine" time="3.197" classname="testClasses.MedicationTest"/>
  <testcase name="enterMedicineNameAndSelectAnyMedicine" time="11.112" classname="testClasses.MedicationTest"/>
</testsuite> <!-- Default test -->
