<?xml version="1.0" encoding="UTF-8"?>
<!-- Generated by org.testng.reporters.JUnitXMLReporter -->
<testsuite hostname="VaishaliRajput" ignored="0" name="Default test" tests="4" failures="0" timestamp="23 Mar 2017 20:39:20 GMT" time="31.358" errors="0">
  <testcase name="aloginScreenvalidation" time="12.51" classname="testClasses.LoginTest"/>
  <testcase name="EnterMobileNo" time="6.996" classname="testClasses.LoginTest"/>
  <testcase name="enterPassword" time="8.615" classname="testClasses.LoginTest"/>
  <testcase name="acceptHippa" time="3.134" classname="testClasses.LoginTest"/>
</testsuite> <!-- Default test -->
