<?xml version="1.0" encoding="UTF-8"?>
<!-- Generated by org.testng.reporters.JUnitXMLReporter -->
<testsuite hostname="VaishaliRajput" ignored="0" name="Testing the test too" tests="5" failures="1" timestamp="27 Mar 2017 16:16:49 GMT" time="32.341" errors="0">
  <testcase name="aloginScreenvalidation" time="14.635" classname="testClasses.LoginTest"/>
  <testcase name="EnterMobileNo" time="7.089" classname="testClasses.LoginTest"/>
  <testcase name="enterPassword" time="8.287" classname="testClasses.LoginTest"/>
  <testcase name="acceptHippa" time="2.256" classname="testClasses.LoginTest"/>
  <testcase name="clickOnMedicationTab" time="0.003" classname="testClasses.MedicationTest">
    <failure type="java.lang.NullPointerException">
      <![CDATA[java.lang.NullPointerException
	at testClasses.MedicationTest.clickOnMedicationTab(MedicationTest.java:20)
... Removed 25 stack frames]]>
    </failure>
  </testcase> <!-- clickOnMedicationTab -->
</testsuite> <!-- Testing the test too -->
